{"contracts\\Raffle.sol":{"l":{"57":3,"58":3,"59":3,"60":3,"61":3,"62":3,"63":3,"64":3,"70":5,"71":1,"73":4,"74":1,"76":3,"79":3,"102":1,"103":1,"104":1,"105":1,"106":1,"107":1,"117":1,"119":1,"120":0,"126":1,"152":0,"153":0,"154":0,"155":0,"156":0,"157":0,"158":0,"160":0,"161":0,"163":0,"169":1,"173":0,"177":0,"181":0,"185":1,"189":0,"193":5,"197":5,"201":0},"path":"D:\\SolidityProjects\\hardhat-smartcontract-raffle\\contracts\\Raffle.sol","s":{"1":3,"2":3,"3":3,"4":3,"5":3,"6":3,"7":3,"8":3,"9":5,"10":4,"11":3,"12":3,"13":1,"14":1,"15":1,"16":1,"17":1,"18":1,"19":1,"20":1,"21":1,"22":0,"23":0,"24":0,"25":0,"26":0,"27":0,"28":0,"29":0,"30":0,"31":1,"32":0,"33":0,"34":0,"35":1,"36":0,"37":5,"38":5,"39":0},"b":{"1":[1,4],"2":[1,3],"3":[0,1],"4":[0,0]},"f":{"1":3,"2":5,"3":1,"4":1,"5":0,"6":1,"7":0,"8":0,"9":0,"10":1,"11":0,"12":5,"13":5,"14":0},"fnMap":{"1":{"name":"constructor","line":56,"loc":{"start":{"line":49,"column":4},"end":{"line":65,"column":4}}},"2":{"name":"enterRaffle","line":67,"loc":{"start":{"line":67,"column":4},"end":{"line":80,"column":4}}},"3":{"name":"checkUpkeep","line":91,"loc":{"start":{"line":91,"column":4},"end":{"line":108,"column":4}}},"4":{"name":"performUpkeep","line":114,"loc":{"start":{"line":114,"column":4},"end":{"line":136,"column":4}}},"5":{"name":"fulfillRandomWords","line":142,"loc":{"start":{"line":142,"column":4},"end":{"line":164,"column":4}}},"6":{"name":"getRaffleState","line":168,"loc":{"start":{"line":168,"column":4},"end":{"line":170,"column":4}}},"7":{"name":"getNumWords","line":172,"loc":{"start":{"line":172,"column":4},"end":{"line":174,"column":4}}},"8":{"name":"getRequestConfirmations","line":176,"loc":{"start":{"line":176,"column":4},"end":{"line":178,"column":4}}},"9":{"name":"getRecentWinner","line":180,"loc":{"start":{"line":180,"column":4},"end":{"line":182,"column":4}}},"10":{"name":"getPlayer","line":184,"loc":{"start":{"line":184,"column":4},"end":{"line":186,"column":4}}},"11":{"name":"getLastTimeStamp","line":188,"loc":{"start":{"line":188,"column":4},"end":{"line":190,"column":4}}},"12":{"name":"getInterval","line":192,"loc":{"start":{"line":192,"column":4},"end":{"line":194,"column":4}}},"13":{"name":"getEntranceFee","line":196,"loc":{"start":{"line":196,"column":4},"end":{"line":198,"column":4}}},"14":{"name":"getNumberOfPlayers","line":200,"loc":{"start":{"line":200,"column":4},"end":{"line":202,"column":4}}}},"statementMap":{"1":{"start":{"line":57,"column":8},"end":{"line":57,"column":69}},"2":{"start":{"line":58,"column":8},"end":{"line":58,"column":26}},"3":{"start":{"line":59,"column":8},"end":{"line":59,"column":28}},"4":{"start":{"line":60,"column":8},"end":{"line":60,"column":40}},"5":{"start":{"line":61,"column":8},"end":{"line":61,"column":34}},"6":{"start":{"line":62,"column":8},"end":{"line":62,"column":39}},"7":{"start":{"line":63,"column":8},"end":{"line":63,"column":40}},"8":{"start":{"line":64,"column":8},"end":{"line":64,"column":44}},"9":{"start":{"line":70,"column":8},"end":{"line":70,"column":2482}},"10":{"start":{"line":73,"column":8},"end":{"line":73,"column":2585}},"11":{"start":{"line":76,"column":8},"end":{"line":76,"column":42}},"12":{"start":{"line":79,"column":8},"end":{"line":79,"column":36}},"13":{"start":{"line":102,"column":8},"end":{"line":102,"column":55}},"14":{"start":{"line":103,"column":8},"end":{"line":103,"column":76}},"15":{"start":{"line":104,"column":8},"end":{"line":104,"column":46}},"16":{"start":{"line":105,"column":8},"end":{"line":105,"column":51}},"17":{"start":{"line":106,"column":8},"end":{"line":106,"column":72}},"18":{"start":{"line":107,"column":8},"end":{"line":107,"column":36}},"19":{"start":{"line":117,"column":8},"end":{"line":117,"column":47}},"20":{"start":{"line":119,"column":8},"end":{"line":119,"column":4249}},"21":{"start":{"line":126,"column":8},"end":{"line":126,"column":46}},"22":{"start":{"line":152,"column":8},"end":{"line":152,"column":65}},"23":{"start":{"line":153,"column":8},"end":{"line":153,"column":63}},"24":{"start":{"line":154,"column":8},"end":{"line":154,"column":36}},"25":{"start":{"line":155,"column":8},"end":{"line":155,"column":43}},"26":{"start":{"line":156,"column":8},"end":{"line":156,"column":39}},"27":{"start":{"line":157,"column":8},"end":{"line":157,"column":40}},"28":{"start":{"line":158,"column":8},"end":{"line":158,"column":78}},"29":{"start":{"line":160,"column":8},"end":{"line":160,"column":5710}},"30":{"start":{"line":163,"column":8},"end":{"line":163,"column":39}},"31":{"start":{"line":169,"column":8},"end":{"line":169,"column":28}},"32":{"start":{"line":173,"column":8},"end":{"line":173,"column":24}},"33":{"start":{"line":177,"column":8},"end":{"line":177,"column":36}},"34":{"start":{"line":181,"column":8},"end":{"line":181,"column":29}},"35":{"start":{"line":185,"column":8},"end":{"line":185,"column":31}},"36":{"start":{"line":189,"column":8},"end":{"line":189,"column":30}},"37":{"start":{"line":193,"column":8},"end":{"line":193,"column":25}},"38":{"start":{"line":197,"column":8},"end":{"line":197,"column":28}},"39":{"start":{"line":201,"column":8},"end":{"line":201,"column":31}}},"branchMap":{"1":{"line":70,"type":"if","locations":[{"start":{"line":70,"column":8},"end":{"line":70,"column":8}},{"start":{"line":70,"column":8},"end":{"line":70,"column":8}}]},"2":{"line":73,"type":"if","locations":[{"start":{"line":73,"column":8},"end":{"line":73,"column":8}},{"start":{"line":73,"column":8},"end":{"line":73,"column":8}}]},"3":{"line":119,"type":"if","locations":[{"start":{"line":119,"column":8},"end":{"line":119,"column":8}},{"start":{"line":119,"column":8},"end":{"line":119,"column":8}}]},"4":{"line":160,"type":"if","locations":[{"start":{"line":160,"column":8},"end":{"line":160,"column":8}},{"start":{"line":160,"column":8},"end":{"line":160,"column":8}}]}}},"contracts\\test\\VRFCoordinatorV2Mock.sol":{"l":{},"path":"D:\\SolidityProjects\\hardhat-smartcontract-raffle\\contracts\\test\\VRFCoordinatorV2Mock.sol","s":{},"b":{},"f":{},"fnMap":{},"statementMap":{},"branchMap":{}}}