TN:
SF:D:\SolidityProjects\hardhat-smartcontract-raffle\contracts\Raffle.sol
FN:56,constructor
FN:67,enterRaffle
FN:91,checkUpkeep
FN:114,performUpkeep
FN:142,fulfillRandomWords
FN:168,getRaffleState
FN:172,getNumWords
FN:176,getRequestConfirmations
FN:180,getRecentWinner
FN:184,getPlayer
FN:188,getLastTimeStamp
FN:192,getInterval
FN:196,getEntranceFee
FN:200,getNumberOfPlayers
FNF:14
FNH:8
FNDA:3,constructor
FNDA:5,enterRaffle
FNDA:1,checkUpkeep
FNDA:1,performUpkeep
FNDA:0,fulfillRandomWords
FNDA:1,getRaffleState
FNDA:0,getNumWords
FNDA:0,getRequestConfirmations
FNDA:0,getRecentWinner
FNDA:1,getPlayer
FNDA:0,getLastTimeStamp
FNDA:5,getInterval
FNDA:5,getEntranceFee
FNDA:0,getNumberOfPlayers
DA:57,3
DA:58,3
DA:59,3
DA:60,3
DA:61,3
DA:62,3
DA:63,3
DA:64,3
DA:70,5
DA:71,1
DA:73,4
DA:74,1
DA:76,3
DA:79,3
DA:102,1
DA:103,1
DA:104,1
DA:105,1
DA:106,1
DA:107,1
DA:117,1
DA:119,1
DA:120,0
DA:126,1
DA:152,0
DA:153,0
DA:154,0
DA:155,0
DA:156,0
DA:157,0
DA:158,0
DA:160,0
DA:161,0
DA:163,0
DA:169,1
DA:173,0
DA:177,0
DA:181,0
DA:185,1
DA:189,0
DA:193,5
DA:197,5
DA:201,0
LF:43
LH:27
BRDA:70,1,0,1
BRDA:70,1,1,4
BRDA:73,2,0,1
BRDA:73,2,1,3
BRDA:119,3,0,0
BRDA:119,3,1,1
BRDA:160,4,0,0
BRDA:160,4,1,0
BRF:8
BRH:5
end_of_record
TN:
SF:D:\SolidityProjects\hardhat-smartcontract-raffle\contracts\test\VRFCoordinatorV2Mock.sol
FNF:0
FNH:0
LF:0
LH:0
BRF:0
BRH:0
end_of_record
